<?xml version="1.0" encoding="UTF-8"?>
<testsuite name="org.generation.Heptagon.HeptagonApplicationTests" tests="1" skipped="0" failures="0" errors="0" timestamp="2022-03-18T00:50:58" hostname="DESKTOP-RV4BEJ5" time="0.171">
  <properties/>
  <testcase name="contextLoads()" classname="org.generation.Heptagon.HeptagonApplicationTests" time="0.171"/>
  <system-out><![CDATA[08:50:53.066 [Test worker] DEBUG org.springframework.test.context.BootstrapUtils - Instantiating CacheAwareContextLoaderDelegate from class [org.springframework.test.context.cache.DefaultCacheAwareContextLoaderDelegate]
08:50:53.077 [Test worker] DEBUG org.springframework.test.context.BootstrapUtils - Instantiating BootstrapContext using constructor [public org.springframework.test.context.support.DefaultBootstrapContext(java.lang.Class,org.springframework.test.context.CacheAwareContextLoaderDelegate)]
08:50:53.113 [Test worker] DEBUG org.springframework.test.context.BootstrapUtils - Instantiating TestContextBootstrapper for test class [org.generation.Heptagon.HeptagonApplicationTests] from class [org.springframework.boot.test.context.SpringBootTestContextBootstrapper]
08:50:53.125 [Test worker] INFO org.springframework.boot.test.context.SpringBootTestContextBootstrapper - Neither @ContextConfiguration nor @ContextHierarchy found for test class [org.generation.Heptagon.HeptagonApplicationTests], using SpringBootContextLoader
08:50:53.130 [Test worker] DEBUG org.springframework.test.context.support.AbstractContextLoader - Did not detect default resource location for test class [org.generation.Heptagon.HeptagonApplicationTests]: class path resource [org/generation/Heptagon/HeptagonApplicationTests-context.xml] does not exist
08:50:53.131 [Test worker] DEBUG org.springframework.test.context.support.AbstractContextLoader - Did not detect default resource location for test class [org.generation.Heptagon.HeptagonApplicationTests]: class path resource [org/generation/Heptagon/HeptagonApplicationTestsContext.groovy] does not exist
08:50:53.131 [Test worker] INFO org.springframework.test.context.support.AbstractContextLoader - Could not detect default resource locations for test class [org.generation.Heptagon.HeptagonApplicationTests]: no resource found for suffixes {-context.xml, Context.groovy}.
08:50:53.132 [Test worker] INFO org.springframework.test.context.support.AnnotationConfigContextLoaderUtils - Could not detect default configuration classes for test class [org.generation.Heptagon.HeptagonApplicationTests]: HeptagonApplicationTests does not declare any static, non-private, non-final, nested classes annotated with @Configuration.
08:50:53.180 [Test worker] DEBUG org.springframework.test.context.support.ActiveProfilesUtils - Could not find an 'annotation declaring class' for annotation type [org.springframework.test.context.ActiveProfiles] and class [org.generation.Heptagon.HeptagonApplicationTests]
08:50:53.247 [Test worker] DEBUG org.springframework.context.annotation.ClassPathScanningCandidateComponentProvider - Identified candidate component class: file [C:\Users\PrimoSpade\Github\HeptagonE\build\classes\java\main\org\generation\Heptagon\HeptagonApplication.class]
08:50:53.249 [Test worker] INFO org.springframework.boot.test.context.SpringBootTestContextBootstrapper - Found @SpringBootConfiguration org.generation.Heptagon.HeptagonApplication for test class org.generation.Heptagon.HeptagonApplicationTests
08:50:53.358 [Test worker] DEBUG org.springframework.boot.test.context.SpringBootTestContextBootstrapper - @TestExecutionListeners is not present for class [org.generation.Heptagon.HeptagonApplicationTests]: using defaults.
08:50:53.358 [Test worker] INFO org.springframework.boot.test.context.SpringBootTestContextBootstrapper - Loaded default TestExecutionListener class names from location [META-INF/spring.factories]: [org.springframework.boot.test.autoconfigure.restdocs.RestDocsTestExecutionListener, org.springframework.boot.test.autoconfigure.web.client.MockRestServiceServerResetTestExecutionListener, org.springframework.boot.test.autoconfigure.web.servlet.MockMvcPrintOnlyOnFailureTestExecutionListener, org.springframework.boot.test.autoconfigure.web.servlet.WebDriverTestExecutionListener, org.springframework.boot.test.autoconfigure.webservices.client.MockWebServiceServerTestExecutionListener, org.springframework.boot.test.mock.mockito.MockitoTestExecutionListener, org.springframework.boot.test.mock.mockito.ResetMocksTestExecutionListener, org.springframework.test.context.web.ServletTestExecutionListener, org.springframework.test.context.support.DirtiesContextBeforeModesTestExecutionListener, org.springframework.test.context.event.ApplicationEventsTestExecutionListener, org.springframework.test.context.support.DependencyInjectionTestExecutionListener, org.springframework.test.context.support.DirtiesContextTestExecutionListener, org.springframework.test.context.transaction.TransactionalTestExecutionListener, org.springframework.test.context.jdbc.SqlScriptsTestExecutionListener, org.springframework.test.context.event.EventPublishingTestExecutionListener]
08:50:53.376 [Test worker] INFO org.springframework.boot.test.context.SpringBootTestContextBootstrapper - Using TestExecutionListeners: [org.springframework.test.context.web.ServletTestExecutionListener@7db82169, org.springframework.test.context.support.DirtiesContextBeforeModesTestExecutionListener@1992eaf4, org.springframework.test.context.event.ApplicationEventsTestExecutionListener@f74e835, org.springframework.boot.test.mock.mockito.MockitoTestExecutionListener@3276732, org.springframework.boot.test.autoconfigure.SpringBootDependencyInjectionTestExecutionListener@3f28bd56, org.springframework.test.context.support.DirtiesContextTestExecutionListener@31e3250d, org.springframework.test.context.transaction.TransactionalTestExecutionListener@19fe4644, org.springframework.test.context.jdbc.SqlScriptsTestExecutionListener@21d8bcbe, org.springframework.test.context.event.EventPublishingTestExecutionListener@5be067de, org.springframework.boot.test.autoconfigure.restdocs.RestDocsTestExecutionListener@7383eae2, org.springframework.boot.test.autoconfigure.web.client.MockRestServiceServerResetTestExecutionListener@18245eb0, org.springframework.boot.test.autoconfigure.web.servlet.MockMvcPrintOnlyOnFailureTestExecutionListener@7c7d3c46, org.springframework.boot.test.autoconfigure.web.servlet.WebDriverTestExecutionListener@24fb6a80, org.springframework.boot.test.autoconfigure.webservices.client.MockWebServiceServerTestExecutionListener@48c35007, org.springframework.boot.test.mock.mockito.ResetMocksTestExecutionListener@72a85671]
08:50:53.380 [Test worker] DEBUG org.springframework.test.context.support.AbstractDirtiesContextTestExecutionListener - Before test class: context [DefaultTestContext@62e70ea3 testClass = HeptagonApplicationTests, testInstance = [null], testMethod = [null], testException = [null], mergedContextConfiguration = [WebMergedContextConfiguration@3efe7086 testClass = HeptagonApplicationTests, locations = '{}', classes = '{class org.generation.Heptagon.HeptagonApplication}', contextInitializerClasses = '[]', activeProfiles = '{}', propertySourceLocations = '{}', propertySourceProperties = '{org.springframework.boot.test.context.SpringBootTestContextBootstrapper=true}', contextCustomizers = set[org.springframework.boot.test.autoconfigure.actuate.metrics.MetricsExportContextCustomizerFactory$DisableMetricExportContextCustomizer@6dab9b6d, org.springframework.boot.test.autoconfigure.properties.PropertyMappingContextCustomizer@0, org.springframework.boot.test.autoconfigure.web.servlet.WebDriverContextCustomizerFactory$Customizer@2631f68c, org.springframework.boot.test.context.filter.ExcludeFilterContextCustomizer@68b32e3e, org.springframework.boot.test.json.DuplicateJsonObjectContextCustomizerFactory$DuplicateJsonObjectContextCustomizer@42039326, org.springframework.boot.test.mock.mockito.MockitoContextCustomizer@0, org.springframework.boot.test.web.client.TestRestTemplateContextCustomizer@1fde5d22, org.springframework.boot.test.context.SpringBootTestArgs@1, org.springframework.boot.test.context.SpringBootTestWebEnvironment@306f16f3], resourceBasePath = 'src/main/webapp', contextLoader = 'org.springframework.boot.test.context.SpringBootContextLoader', parent = [null]], attributes = map['org.springframework.test.context.web.ServletTestExecutionListener.activateListener' -> true]], class annotated with @DirtiesContext [false] with mode [null].

  .   ____          _            __ _ _
 /\\ / ___'_ __ _ _(_)_ __  __ _ \ \ \ \
( ( )\___ | '_ | '_| | '_ \/ _` | \ \ \ \
 \\/  ___)| |_)| | | | | || (_| |  ) ) ) )
  '  |____| .__|_| |_|_| |_\__, | / / / /
 =========|_|==============|___/=/_/_/_/
 :: Spring Boot ::                (v2.6.4)

2022-03-18 08:50:53.725  INFO 3636 --- [    Test worker] o.g.Heptagon.HeptagonApplicationTests    : Starting HeptagonApplicationTests using Java 17.0.2 on DESKTOP-RV4BEJ5 with PID 3636 (started by PrimoSpade in C:\Users\PrimoSpade\Github\HeptagonE)
2022-03-18 08:50:53.727  INFO 3636 --- [    Test worker] o.g.Heptagon.HeptagonApplicationTests    : No active profile set, falling back to 1 default profile: "default"
2022-03-18 08:50:54.420  INFO 3636 --- [    Test worker] .s.d.r.c.RepositoryConfigurationDelegate : Bootstrapping Spring Data JPA repositories in DEFAULT mode.
2022-03-18 08:50:54.476  INFO 3636 --- [    Test worker] .s.d.r.c.RepositoryConfigurationDelegate : Finished Spring Data repository scanning in 47 ms. Found 1 JPA repository interfaces.
2022-03-18 08:50:55.119  INFO 3636 --- [    Test worker] com.zaxxer.hikari.HikariDataSource       : HikariPool-1 - Starting...
2022-03-18 08:50:55.444  INFO 3636 --- [    Test worker] com.zaxxer.hikari.HikariDataSource       : HikariPool-1 - Start completed.
2022-03-18 08:50:55.532  INFO 3636 --- [    Test worker] o.hibernate.jpa.internal.util.LogHelper  : HHH000204: Processing PersistenceUnitInfo [name: default]
2022-03-18 08:50:55.602  INFO 3636 --- [    Test worker] org.hibernate.Version                    : HHH000412: Hibernate ORM core version 5.6.5.Final
2022-03-18 08:50:55.857  INFO 3636 --- [    Test worker] o.hibernate.annotations.common.Version   : HCANN000001: Hibernate Commons Annotations {5.1.2.Final}
2022-03-18 08:50:56.018  INFO 3636 --- [    Test worker] org.hibernate.dialect.Dialect            : HHH000400: Using dialect: org.hibernate.dialect.MySQL8Dialect
2022-03-18 08:50:56.522  INFO 3636 --- [    Test worker] o.h.e.t.j.p.i.JtaPlatformInitiator       : HHH000490: Using JtaPlatform implementation: [org.hibernate.engine.transaction.jta.platform.internal.NoJtaPlatform]
2022-03-18 08:50:56.532  INFO 3636 --- [    Test worker] j.LocalContainerEntityManagerFactoryBean : Initialized JPA EntityManagerFactory for persistence unit 'default'
2022-03-18 08:50:56.906  WARN 3636 --- [    Test worker] JpaBaseConfiguration$JpaWebConfiguration : spring.jpa.open-in-view is enabled by default. Therefore, database queries may be performed during view rendering. Explicitly configure spring.jpa.open-in-view to disable this warning
2022-03-18 08:50:57.198  INFO 3636 --- [    Test worker] o.s.s.web.DefaultSecurityFilterChain     : Will not secure any request
2022-03-18 08:50:57.740  INFO 3636 --- [    Test worker] o.s.b.a.w.s.WelcomePageHandlerMapping    : Adding welcome page template: index
2022-03-18 08:50:58.107  INFO 3636 --- [    Test worker] o.g.Heptagon.HeptagonApplicationTests    : Started HeptagonApplicationTests in 4.689 seconds (JVM running for 5.887)
]]></system-out>
  <system-err><![CDATA[]]></system-err>
</testsuite>
